Email: jarzyna@wp.pl
Email: remek@norwit.pl
Email: remek@norwit.plo
Email: remek@norwit.pl
Email: remek@norwit.pl
Email: remek@norwit.pl
Email: remek@norwit.pl
Email: rafal@norwit.pl
Email: rafal@norwit.pl
Email: rafal@norwit.pl
Email: rafal@norwit.pl
Email: rafal@norwit.pl
Email: rafal1@norwit.pl
Email: rafal1@norwit.pl
Email: rafal1@norwit.pl
Email: rafal1@norwit.pl
Email: rafal@norwit.pl
Email: rafal3@norwit.pl
Email: rafal@norwit.pl
Email: rafal11@norwit.pl
Email: rafal@norwit.pl
Email: rafal56@norwit.pl
Email: rafal1234@norwit.pl
Email: rafal1234@norwit.pl
Email: rafal1234@norwit.pl
Email: rafal@norwit.pl
Email: rafal1234@norwit.pl
Email: monika@wp.pl
Email: monika@wp.pl
Email: monika@wp.pl
Email: monika@op.pl
Email: monika@op.pl
Email: monika@op.pl
Email: monika@norwit.pl
Email: monika@wp.pl
Email: monika@wp.pl
Email: remek@norwit.pl
Email: rafal12@wp.pl
Email: rafal@se.pl
Email: rafal@se.pl
Email: rafal@se.pl
Email: rafal@norwit.pl
Email: rafal@norwit.pl
Email: rafal@op.pl
Email: rafal@norwit.pl
Email: rafal@n.pl
Email: rafal@n.pl
Email: rafal@n.pl
Email: rafal@n.pl
Email: rafal@n.pl
Email: rafal@n.pl
Email: rafal@n.pl
Email: rafal@norwit.pl
Email: rafal@nop.pl
Email: rafal@norwit.pl
Email: rafal@se.pl
Email: rafal@norwit.pl
Email: rafal@se.pl
Email: rafal@se.pl
Email: rafal@se.pl
Email: rafal@se.pl
Email: rafal@norwit.pl
Email: rafal@norwit.pl
Email: rafal@norwit.pl
Email: rafal@norwit.pl
Email: monika@norwit.pl
Email: monika@norwit.pl
Email: rafal4@norwit.pl
Email: z@wpl.pl
Email: z@wpl.pl
Email: z@norwit.pl
Email: z@norwit.pl
Email: z@se.pl
Email: z@se.pl
Email: z@se.pl
Email: z@se.pl
Email: rafal@norwit.pl
Email: rafal@norwit.pl
Email: rafal@norwit.pl
Email: rafal@norwit.pl
Email: rafal@norwit.pl
Email: sddddd@norwit.pl
Email: sddddd@norwit.pl
Email: sddddd@norwit.pl
Email: sddddd@norwit.pl
Email: sddddd@se.pl
Email: sddddd@se.pl
Email: z@se.pl
Email: rafal1221@norwit.pl
