Email successfully sent to: remek@norwit.pl
Email successfully sent to: remek@norwit.pl
Email successfully sent to: Array
(
    [0] => rafal@norwit.pl
)

Email successfully sent to: Array
(
    [0] => studio75@onet.pl
)

Email successfully sent to: Array
(
    [0] => studio75@onet.pl
)

Email successfully sent to: Array
(
    [0] => studio75@onet.pl
)

Email successfully sent to: Array
(
    [0] => studio75@onet.pl
)

Email successfully sent to: Array
(
    [0] => rafal@norwit.pl
)

Email successfully sent to: Array
(
    [0] => rafal@norwit.pl
)

Email successfully sent to: Array
(
    [0] => rafal@norwit.pl
)

Email successfully sent to: Array
(
    [0] => rafal@norwit.pl
)

Email successfully sent to: Array
(
    [0] => rafal@norwit.pl
)

Email successfully sent to: Array
(
    [0] => rafal@norwit.pl
)

Email successfully sent to: Array
(
    [0] => rafal@norwit.pl
)

Email successfully sent to: Array
(
    [0] => rafal@norwit.pl
)

Email successfully sent to: Array
(
    [0] => studio75@onet.pl
)

Email successfully sent to: Array
(
    [0] => studio75@onet.pl
)

Email successfully sent to: Array
(
    [0] => studio75@onet.pl
)

Email successfully sent to: Array
(
    [0] => rafal@norwit.pl
)

Email successfully sent to: Array
(
    [0] => studio75@onet.pl
)

Email successfully sent to: Array
(
    [0] => oferty@norwit.pl
)

Email successfully sent to: Array
(
    [0] => rafal@norwit.pl
)

Email successfully sent to: remek@norwit.pl
Email successfully sent to: Array
(
    [0] => rafal@norwit.pl
)

Email successfully sent to: rafal@norwit.pl
Email successfully sent to: Array
(
    [0] => rafal@norwit.pl
)

Email successfully sent to: Array
(
    [0] => rafal@norwit.pl
)

Email successfully sent to: Array
(
    [0] => rafal@norwit.pl
)

Email successfully sent to: Array
(
    [0] => rafal@norwit.pl
)

Email successfully sent to: Array
(
    [0] => rafal@norwit.pl
)

Email successfully sent to: rafal@norwit.pl
Email successfully sent to: rafal@norwit.pl
Email successfully sent to: rafal@norwit.pl
Email successfully sent to: Array
(
    [0] => studio75@onet.pl
)

Email successfully sent to: Array
(
    [0] => studio75@onet.pl
)

Email successfully sent to: rafal@norwit.pl
Email successfully sent to: Array
(
    [0] => magdap@norwit.pl
)

Email successfully sent to: rafal@norwit.pl
Email successfully sent to: rafal@norwit.pl
Email successfully sent to: rafal@norwit.pl
Email successfully sent to: rafal@norwit.pl
Email successfully sent to: rafal@norwit.pl
Email successfully sent to: rafal@norwit.pl
Email successfully sent to: rafal@norwit.pl
Email successfully sent to: Array
(
    [0] => rafal@norwit.pl
)

Email successfully sent to: rafal@norwit.pl
Email successfully sent to: rafal@norwit.pl
Email successfully sent to: rafal@norwit.pl
Email successfully sent to: rafal@norwit.pl
Email successfully sent to: rafal@norwit.pl
