DB: norwit|predki
FORM: remek|predki
DB: ggerg|reg
FORM: ggerg|reg
DB: ggerg|reg
FORM: ggerg|reg
DB: rafal test|rafal test
FORM: ee|eee
DB: rafal test|rafal test
FORM: rafal|Śliwa
DB: rafal test|rafal test
FORM: rafal|Śliwa
DB: rafal|Śliwa
FORM: rafal|Śliwa
DB: rafal|Śliwa
FORM: rafa|Śliwa
DB: rafal test|rafal test
FORM: rafal|Śliwa
DB: rafal|Śliwa
FORM: rafal|Śliwa
DB: monika|monika
FORM: monika|monika
DB: monika|monika
FORM: monika|monika
DB: monika|monika
FORM: monika|monika
DB: monika|monika
FORM: monika|monika
DB: monika|monika
FORM: monika|monika
DB: norwit|predki
FORM: r|r
DB: krzysztof|jarzyna
FORM: krzysztof|jarzyna
DB: krzysztof|jarzyna
FORM: krzysztof|jarzyna
DB: rafal test|rafal test
FORM: krzysztof|jarzyna
DB: rafal test|rafal test
FORM: krzysztof|jarzyna
DB: krzysztof|jarzyna
FORM: krzysztof|jarzyna
DB: krzysztof|jarzyna
FORM: krzysztof|jarzyna
DB: krzysztof|jarzyna
FORM: krzysztof|jarzyna
DB: krzysztof|jarzyna
FORM: krzysztof|jarzyna
DB: krzysztof|jarzyna
FORM: krzysztof|jarzyna
DB: krzysztof|jarzyna
FORM: krzysztof|jarzyna
DB: rafal test|rafal test
FORM: krzysztof|jarzyna
DB: rafal test|rafal test
FORM: krzysztof|jarzyna
DB: krzysztof|jarzyna
FORM: krzysztof|jarzyna
DB: rafal test|rafal test
FORM: krzysztof|jarzyna
DB: krzysztof|jarzyna
FORM: krzysztof|jarzyna
DB: krzysztof|jarzyna
FORM: krzysztof|jarzyna
DB: krzysztof|jarzyna
FORM: krzysztof|jarzyna
DB: krzysztof|jarzyna
FORM: krzysztof|jarzyna
DB: rafal test|rafal test
FORM: rafał|Śliwa
DB: rafal test|rafal test
FORM: rafał|Śliwa
DB: rafal test|rafal test
FORM: rafał|Śliwa
DB: rafal test|rafal test
FORM: rafał|Śliwa
DB: monika|monika
FORM: monika|monika
DB: monika|monika
FORM: monika|monika
DB: zdzislaw|zdzisław
FORM: zdzislaw|zdzisław
DB: zdzislaw|zdzisław
FORM: zdzislaw|zdzisław
DB: zdzislaw|zdzisław
FORM: zdzislaw|zdzisław
DB: rafal test|rafal test
FORM: zdzislaw|zdzisław
DB: rafal test|rafal test
FORM: zdzislaw|zdzisław
DB: rafal test|rafal test
FORM: zdzislaw|zdzisław
DB: rafal test|rafal test
FORM: zdzislaw|zdzisław
DB: zdzislaw|zdzisław
FORM: zdzislaw|zdzisław
DB: zdzislaw|zdzisław
FORM: zdzislaw|zdzisław
DB: zdzislaw|zdzisław
FORM: zdzislaw|zdzisław
DB: zdzislaw|zdzisław
FORM: zdzislaw|zdzisław
