New customer created with email: jarzyna@wp.pl
New customer created with email: remek@norwit.plo
New customer created with email: rafal1@norwit.pl
New customer created with email: rafal3@norwit.pl
New customer created with email: rafal11@norwit.pl
New customer created with email: rafal56@norwit.pl
New customer created with email: rafal1234@norwit.pl
New customer created with email: monika@wp.pl
New customer created with email: monika@op.pl
New customer created with email: monika@norwit.pl
New customer created with email: rafal12@wp.pl
New customer created with email: rafal@se.pl
New customer created with email: rafal@op.pl
New customer created with email: rafal@n.pl
New customer created with email: rafal@nop.pl
New customer created with email: rafal4@norwit.pl
New customer created with email: z@wpl.pl
New customer created with email: z@norwit.pl
New customer created with email: z@se.pl
New customer created with email: sddddd@norwit.pl
New customer created with email: sddddd@se.pl
