Phone: +48 999 999 999
Phone: +48 609 499 984
Phone: +48 609 499 984
Phone: +48 609 499 984
Phone: +48 609 499 984
Phone: +48 609 499 984
Phone: +48 609 499 984
Phone: +48 999 999 999
Phone: +48 999 999 999
Phone: +48 999 999 999
Phone: +48 999 999 999
Phone: +48 999 999 999
Phone: +48 999 999 999
Phone: +48 999 999 995
Phone: +48 999 999 995
Phone: +48 999 999 995
Phone: +48 111 111 111
Phone: +48 111 111 111
Phone: +48 788 888 888
Phone: +48 788 888 888
Phone: +48 788 888 888
Phone: +48 788 888 888
Phone: +48 788 888 888
Phone: +48 788 888 888
Phone: +48 788 888 888
Phone: +48 788 888 888
Phone: +48 788 888 888
Phone: +48 788 888 888
Phone: +48 788 888 888
Phone: +48 788 888 888
Phone: +48 788 888 888
Phone: +48 788 888 122
Phone: +48 788 888 122
Phone: +48 788 888 000
Phone: +48 788 888 123
Phone: +48 788 888 123
Phone: +48 609 499 984
Phone: +48 999 999 999
Phone: +48 700 000 000
Phone: +48 700 000 000
Phone: +48 700 000 000
Phone: +48 700 000 000
Phone: +48 700 458 888
Phone: +48 700 458 888
Phone: +48 700 000 369
Phone: +48 700 000 369
Phone: +48 700 000 369
Phone: +48 700 000 369
Phone: +48 700 000 369
Phone: +48 700 000 369
Phone: +48 700 000 000
Phone: +48 111 111 111
Phone: +48 111 111 111
Phone: +48 111 111 111
Phone: +48 111 111 111
Phone: +48 111 111 111
Phone: +48 700 000 000
Phone: +48 700 000 000
Phone: +48 700 000 000
Phone: +48 700 000 000
Phone: +48 700 000 000
Phone: +48 788 954 495
Phone: +48 788 954 495
Phone: +48 788 954 495
Phone: +48 788 954 495
Phone: +48 788 954 495
Phone: +48 788 954 495
Phone: +48 148 148 133
Phone: +48 777 777 777
Phone: +48 777 777 777
Phone: +48 777 777 777
Phone: +48 777 777 772
Phone: +48 777 777 772
Phone: +48 777 777 774
Phone: +48 777 777 774
Phone: +48 777 777 774
Phone: +48 777 777 777
Phone: +48 777 777 878
Phone: +48 777 777 878
Phone: +48 777 777 122
Phone: +48 777 777 122
Phone: +48 777 777 122
Phone: +48 777 777 122
Phone: +48 777 777 122
Phone: +48 777 777 122
Phone: +48 777 777 122
Phone: +48 777 777 233
Phone: +48 777 777 122
Phone: +48 999 999 999
