Lastname: Jarzyna
Lastname: predki
Lastname: predki
Lastname: r
Lastname: r
Lastname: r
Lastname: Predki
Lastname: sssss
Lastname: sssss
Lastname: sssss
Lastname: reg
Lastname: reg
Lastname: reg
Lastname: reg
Lastname: reg
Lastname: reg
Lastname: eee
Lastname: eee
Lastname: Śliwa
Lastname: Śliwa
Lastname: Śliwa
Lastname: Śliwa
Lastname: Śliwa
Lastname: Śliwa
Lastname: Śliwa
Lastname: Śliwa
Lastname: Śliwa
Lastname: Monika
Lastname: Monika
Lastname: Monika
Lastname: Monika
Lastname: Monika
Lastname: Monika
Lastname: Monika
Lastname: Monika
Lastname: Monika
Lastname: r
Lastname: Śliwa
Lastname: Jarzyna
Lastname: Jarzyna
Lastname: Jarzyna
Lastname: Jarzyna
Lastname: Jarzyna
Lastname: Jarzyna
Lastname: Jarzyna
Lastname: Jarzyna
Lastname: Jarzyna
Lastname: Jarzyna
Lastname: Jarzyna
Lastname: Jarzyna
Lastname: Jarzyna
Lastname: Jarzyna
Lastname: Jarzyna
Lastname: Jarzyna
Lastname: Jarzyna
Lastname: Jarzyna
Lastname: Jarzyna
Lastname: Jarzyna
Lastname: Jarzyna
Lastname: Jarzyna
Lastname: Jarzyna
Lastname: Śliwa
Lastname: Śliwa
Lastname: Śliwa
Lastname: Śliwa
Lastname: Monika
Lastname: Monika
Lastname: Rafał
Lastname: Zdzisław
Lastname: Zdzisław
Lastname: Zdzisław
Lastname: Zdzisław
Lastname: Zdzisław
Lastname: Zdzisław
Lastname: Zdzisław
Lastname: Zdzisław
Lastname: Zdzisław
Lastname: Zdzisław
Lastname: Zdzisław
Lastname: Zdzisław
Lastname: Zdzisław
Lastname: Zdzisław
Lastname: Zdzisław
Lastname: Zdzisław
Lastname: Zdzisław
Lastname: Zdzisław
Lastname: Zdzisław
Lastname: Zdzisław
Lastname: Sliwa
